{
  "RSpec": {
    "coverage": {
      "C:/Users/Danilo/Dropbox/Dev/Dermalog/app/helpers/application_helper.rb": [
        1,
        null
      ],
      "C:/Users/Danilo/Dropbox/Dev/Dermalog/app/helpers/case_logs_helper.rb": [
        1,
        null
      ],
      "C:/Users/Danilo/Dropbox/Dev/Dermalog/app/helpers/dermalog_helper.rb": [
        1,
        null
      ],
      "C:/Users/Danilo/Dropbox/Dev/Dermalog/app/helpers/doctors_helper.rb": [
        1,
        null
      ],
      "C:/Users/Danilo/Dropbox/Dev/Dermalog/app/helpers/images_helper.rb": [
        1,
        null
      ],
      "C:/Users/Danilo/Dropbox/Dev/Dermalog/app/helpers/sessions_helper.rb": [
        1,
        null
      ],
      "C:/Users/Danilo/Dropbox/Dev/Dermalog/app/helpers/shares_helper.rb": [
        1,
        null
      ],
      "C:/Users/Danilo/Dropbox/Dev/Dermalog/app/controllers/case_logs_controller.rb": [
        1,
        1,
        null,
        null,
        null,
        1,
        2,
        2,
        null,
        0,
        null,
        2,
        null,
        null,
        null,
        null,
        1,
        1,
        1,
        null,
        null,
        null,
        1,
        1,
        null,
        null,
        null,
        1,
        null,
        null,
        null,
        null,
        1,
        5,
        null,
        5,
        null,
        5,
        5,
        6,
        3,
        null,
        4,
        2,
        null,
        null,
        null,
        null,
        null,
        null,
        1,
        5,
        5,
        4,
        2,
        null,
        6,
        3,
        null,
        null,
        null,
        null,
        null,
        null,
        1,
        2,
        2,
        4,
        2,
        null,
        null,
        null,
        1,
        1,
        17,
        null,
        null,
        null,
        1,
        18,
        null,
        null,
        null,
        1,
        10,
        null,
        null
      ],
      "C:/Users/Danilo/Dropbox/Dev/Dermalog/app/controllers/application_controller.rb": [
        1,
        null,
        null,
        1,
        null,
        1,
        null,
        1,
        1,
        null,
        1,
        null,
        1,
        3,
        null,
        1,
        null,
        1,
        56,
        null,
        null,
        1,
        null,
        null,
        null,
        1,
        56,
        0,
        null,
        null,
        null,
        null
      ],
      "C:/Users/Danilo/Dropbox/Dev/Dermalog/app/controllers/dermalog_controller.rb": [
        1,
        1,
        2,
        1,
        null,
        1,
        null,
        null,
        null,
        1,
        null,
        null,
        null,
        1,
        0,
        0,
        0,
        0,
        null,
        0,
        0,
        0,
        0,
        0,
        null,
        null,
        0,
        null,
        null,
        0,
        null,
        null,
        null,
        null,
        1,
        null,
        null,
        null
      ],
      "C:/Users/Danilo/Dropbox/Dev/Dermalog/app/controllers/doctors_controller.rb": [
        1,
        1,
        null,
        null,
        null,
        1,
        2,
        null,
        null,
        null,
        null,
        1,
        null,
        null,
        null,
        1,
        1,
        null,
        null,
        null,
        1,
        null,
        null,
        null,
        null,
        1,
        5,
        null,
        null,
        null,
        null,
        null,
        null,
        5,
        null,
        5,
        5,
        null,
        0,
        0,
        0,
        null,
        null,
        5,
        0,
        null,
        0,
        null,
        0,
        null,
        0,
        null,
        0,
        null,
        null,
        0,
        0,
        null,
        null,
        5,
        5,
        3,
        null,
        6,
        3,
        null,
        4,
        2,
        null,
        null,
        null,
        null,
        null,
        null,
        1,
        5,
        5,
        4,
        2,
        null,
        6,
        3,
        null,
        null,
        null,
        null,
        null,
        null,
        1,
        2,
        2,
        4,
        2,
        null,
        null,
        null,
        1,
        1,
        17,
        null,
        null,
        null,
        1,
        18,
        18,
        null,
        null,
        18,
        null,
        null,
        null,
        1,
        10,
        null,
        null
      ],
      "C:/Users/Danilo/Dropbox/Dev/Dermalog/app/controllers/images_controller.rb": [
        1,
        1,
        null,
        null,
        null,
        1,
        2,
        2,
        null,
        0,
        null,
        2,
        null,
        null,
        null,
        null,
        1,
        null,
        null,
        null,
        1,
        1,
        1,
        null,
        null,
        null,
        1,
        null,
        null,
        null,
        null,
        1,
        5,
        null,
        5,
        5,
        null,
        0,
        null,
        null,
        5,
        null,
        5,
        5,
        6,
        3,
        null,
        4,
        2,
        null,
        null,
        null,
        null,
        null,
        null,
        1,
        5,
        5,
        4,
        2,
        null,
        6,
        3,
        null,
        null,
        null,
        null,
        null,
        null,
        1,
        2,
        2,
        4,
        2,
        null,
        null,
        null,
        1,
        1,
        17,
        null,
        null,
        null,
        1,
        18,
        null,
        null,
        null,
        1,
        10,
        null,
        null
      ],
      "C:/Users/Danilo/Dropbox/Dev/Dermalog/app/controllers/sessions_controller.rb": [
        1,
        1,
        null,
        null,
        1,
        1,
        1,
        0,
        0,
        null,
        1,
        1,
        null,
        null,
        null,
        1,
        0,
        0,
        null,
        null,
        null
      ],
      "C:/Users/Danilo/Dropbox/Dev/Dermalog/app/models/case_log.rb": [
        1,
        1,
        1,
        1,
        1,
        null
      ],
      "C:/Users/Danilo/Dropbox/Dev/Dermalog/app/models/doctor.rb": [
        1,
        1,
        1,
        1,
        null,
        1,
        1,
        1,
        1,
        1,
        null
      ],
      "C:/Users/Danilo/Dropbox/Dev/Dermalog/app/models/image.rb": [
        1,
        1,
        1,
        1,
        null
      ],
      "C:/Users/Danilo/Dropbox/Dev/Dermalog/app/validators/url_validator.rb": [
        1,
        1,
        null,
        1,
        null,
        1,
        0,
        0,
        null,
        null,
        null,
        1,
        null,
        0,
        0,
        0,
        0,
        null,
        null,
        0,
        null,
        null,
        null,
        null
      ],
      "C:/Users/Danilo/Dropbox/Dev/Dermalog/app/models/permission.rb": [
        1,
        1,
        23,
        20,
        18,
        12,
        12,
        12,
        12,
        11,
        11,
        11,
        11,
        11,
        null,
        0,
        null,
        null
      ],
      "C:/Users/Danilo/Dropbox/Dev/Dermalog/app/models/share.rb": [
        1,
        1,
        1,
        1,
        null,
        1,
        0,
        null,
        null,
        1,
        0,
        null,
        null,
        null
      ],
      "C:/Users/Danilo/Dropbox/Dev/Dermalog/app/models/license_check.rb": [
        1,
        1,
        null,
        1,
        1,
        null,
        null,
        1,
        1,
        1,
        1,
        1,
        null,
        null,
        1,
        null,
        1,
        null,
        0,
        null,
        null,
        1,
        null,
        0,
        null,
        null,
        0,
        0,
        null,
        null,
        null,
        0,
        null,
        null,
        0,
        0,
        null,
        0,
        0,
        null,
        null,
        0,
        0,
        null,
        null,
        0,
        null,
        null,
        null
      ]
    },
    "timestamp": 1418682532
  }
}
